*** dummy entry ***
Mon Jun 14 11:51:58 2010 - 2 - require_once(/var/www/gsoc/gsoc-2010-tpatrick/system/lib-custom.php): failed to open stream: No such file or directory @ /var/www/gsoc/gsoc-2010-tpatrick/public_html/lib-common.php line 235 
Mon Jun 14 11:52:27 2010 - 2 - require_once(/var/www/gsoc/gsoc-2010-tpatrick/system/lib-custom.php): failed to open stream: No such file or directory @ /var/www/gsoc/gsoc-2010-tpatrick/public_html/lib-common.php line 235 
Mon Jun 14 11:52:34 2010 - 2 - require_once(/var/www/gsoc/gsoc-2010-tpatrick/system/lib-custom.php): failed to open stream: No such file or directory @ /var/www/gsoc/gsoc-2010-tpatrick/public_html/lib-common.php line 235 
Mon Jun 14 11:52:37 2010 - 2 - require_once(/var/www/gsoc/gsoc-2010-tpatrick/system/lib-custom.php): failed to open stream: No such file or directory @ /var/www/gsoc/gsoc-2010-tpatrick/public_html/lib-common.php line 235 
Mon Jun 14 11:54:08 2010 - Attempting to install the 'calendar' plugin 
Mon Jun 14 11:54:08 2010 - Attempting to create 'Calendar Admin' group 
Mon Jun 14 11:54:08 2010 - Attempting to add 'calendar' features 
Mon Jun 14 11:54:08 2010 - Adding 'calendar.moderate' feature to the 'Calendar Admin' group 
Mon Jun 14 11:54:08 2010 - Adding 'calendar.edit' feature to the 'Calendar Admin' group 
Mon Jun 14 11:54:08 2010 - Adding 'calendar.submit' feature to the 'Calendar Admin' group 
Mon Jun 14 11:54:08 2010 - Attempting to give all users in the Root group access to the 'calendar' Admin group 
Mon Jun 14 11:54:08 2010 - Registering 'calendar' plugin 
Mon Jun 14 11:54:08 2010 - Successfully installed the 'calendar' plugin! 
Mon Jun 14 11:54:08 2010 - Attempting to install the 'links' plugin 
Mon Jun 14 11:54:08 2010 - Attempting to create 'Links Admin' group 
Mon Jun 14 11:54:09 2010 - Attempting to add 'links' features 
Mon Jun 14 11:54:09 2010 - Adding 'links.edit' feature to the 'Links Admin' group 
Mon Jun 14 11:54:09 2010 - Adding 'links.moderate' feature to the 'Links Admin' group 
Mon Jun 14 11:54:09 2010 - Adding 'links.submit' feature to the 'Links Admin' group 
Mon Jun 14 11:54:09 2010 - Attempting to give all users in the Root group access to the 'links' Admin group 
Mon Jun 14 11:54:09 2010 - Registering 'links' plugin 
Mon Jun 14 11:54:09 2010 - Successfully installed the 'links' plugin! 
Mon Jun 14 11:54:09 2010 - Attempting to install the 'spamx' plugin 
Mon Jun 14 11:54:09 2010 - Attempting to create 'spamx Admin' group 
Mon Jun 14 11:54:09 2010 - Attempting to add 'spamx' features 
Mon Jun 14 11:54:09 2010 - Adding 'spamx.admin' feature to the 'spamx Admin' group 
Mon Jun 14 11:54:09 2010 - Attempting to give all users in the Root group access to the 'spamx' Admin group 
Mon Jun 14 11:54:09 2010 - Inserting default data 
Mon Jun 14 11:54:09 2010 - Registering 'spamx' plugin 
Mon Jun 14 11:54:09 2010 - Successfully installed the 'spamx' plugin! 
Mon Jun 14 11:54:09 2010 - Attempting to install the 'staticpages' plugin 
Mon Jun 14 11:54:09 2010 - Attempting to create 'Static Page Admin' group 
Mon Jun 14 11:54:09 2010 - Attempting to add 'staticpages' features 
Mon Jun 14 11:54:09 2010 - Adding 'staticpages.edit' feature to the 'Static Page Admin' group 
Mon Jun 14 11:54:09 2010 - Adding 'staticpages.delete' feature to the 'Static Page Admin' group 
Mon Jun 14 11:54:09 2010 - Attempting to give all users in the Root group access to the 'staticpages' Admin group 
Mon Jun 14 11:54:09 2010 - Registering 'staticpages' plugin 
Mon Jun 14 11:54:09 2010 - Successfully installed the 'staticpages' plugin! 
Mon Jun 14 11:54:09 2010 - Attempting to install the 'polls' plugin 
Mon Jun 14 11:54:09 2010 - Attempting to create 'Polls Admin' group 
Mon Jun 14 11:54:09 2010 - Attempting to add 'polls' features 
Mon Jun 14 11:54:09 2010 - Adding 'polls.edit' feature to the 'Polls Admin' group 
Mon Jun 14 11:54:09 2010 - Attempting to give all users in the Root group access to the 'polls' Admin group 
Mon Jun 14 11:54:09 2010 - Inserting default data 
Mon Jun 14 11:54:09 2010 - Registering 'polls' plugin 
Mon Jun 14 11:54:09 2010 - Successfully installed the 'polls' plugin! 
Mon Jun 14 11:54:09 2010 - Attempting to install the 'xmlsitemap' plugin 
Mon Jun 14 11:54:09 2010 - Attempting to add 'xmlsitemap' features 
Mon Jun 14 11:54:09 2010 - Inserting default data 
Mon Jun 14 11:54:09 2010 - Registering 'xmlsitemap' plugin 
Mon Jun 14 11:54:09 2010 - Successfully installed the 'xmlsitemap' plugin! 
Mon Jun 14 11:54:23 2010 - 2 - require_once(HTTP/Request.php): failed to open stream: No such file or directory @ /var/www/gsoc/gsoc-2010-tpatrick/system/classes/syndication/parserfactory.class.php line 31 
Mon Jun 14 11:55:27 2010 - 2 - require_once(HTTP/Request.php): failed to open stream: No such file or directory @ /var/www/gsoc/gsoc-2010-tpatrick/system/classes/syndication/parserfactory.class.php line 31 
Mon Jun 14 12:02:19 2010 - Attempting to install the 'calendar' plugin 
Mon Jun 14 12:02:19 2010 - Attempting to create 'Calendar Admin' group 
Mon Jun 14 12:02:19 2010 - Attempting to add 'calendar' features 
Mon Jun 14 12:02:19 2010 - Adding 'calendar.moderate' feature to the 'Calendar Admin' group 
Mon Jun 14 12:02:19 2010 - Adding 'calendar.edit' feature to the 'Calendar Admin' group 
Mon Jun 14 12:02:19 2010 - Adding 'calendar.submit' feature to the 'Calendar Admin' group 
Mon Jun 14 12:02:19 2010 - Attempting to give all users in the Root group access to the 'calendar' Admin group 
Mon Jun 14 12:02:19 2010 - Registering 'calendar' plugin 
Mon Jun 14 12:02:19 2010 - Successfully installed the 'calendar' plugin! 
Mon Jun 14 12:02:19 2010 - Attempting to install the 'links' plugin 
Mon Jun 14 12:02:19 2010 - Attempting to create 'Links Admin' group 
Mon Jun 14 12:02:19 2010 - Attempting to add 'links' features 
Mon Jun 14 12:02:19 2010 - Adding 'links.edit' feature to the 'Links Admin' group 
Mon Jun 14 12:02:19 2010 - Adding 'links.moderate' feature to the 'Links Admin' group 
Mon Jun 14 12:02:19 2010 - Adding 'links.submit' feature to the 'Links Admin' group 
Mon Jun 14 12:02:19 2010 - Attempting to give all users in the Root group access to the 'links' Admin group 
Mon Jun 14 12:02:19 2010 - Registering 'links' plugin 
Mon Jun 14 12:02:19 2010 - Successfully installed the 'links' plugin! 
Mon Jun 14 12:02:19 2010 - Attempting to install the 'spamx' plugin 
Mon Jun 14 12:02:19 2010 - Attempting to create 'spamx Admin' group 
Mon Jun 14 12:02:19 2010 - Attempting to add 'spamx' features 
Mon Jun 14 12:02:19 2010 - Adding 'spamx.admin' feature to the 'spamx Admin' group 
Mon Jun 14 12:02:19 2010 - Attempting to give all users in the Root group access to the 'spamx' Admin group 
Mon Jun 14 12:02:19 2010 - Inserting default data 
Mon Jun 14 12:02:19 2010 - Registering 'spamx' plugin 
Mon Jun 14 12:02:19 2010 - Successfully installed the 'spamx' plugin! 
Mon Jun 14 12:02:19 2010 - Attempting to install the 'staticpages' plugin 
Mon Jun 14 12:02:19 2010 - Attempting to create 'Static Page Admin' group 
Mon Jun 14 12:02:19 2010 - Attempting to add 'staticpages' features 
Mon Jun 14 12:02:19 2010 - Adding 'staticpages.edit' feature to the 'Static Page Admin' group 
Mon Jun 14 12:02:19 2010 - Adding 'staticpages.delete' feature to the 'Static Page Admin' group 
Mon Jun 14 12:02:19 2010 - Attempting to give all users in the Root group access to the 'staticpages' Admin group 
Mon Jun 14 12:02:19 2010 - Registering 'staticpages' plugin 
Mon Jun 14 12:02:19 2010 - Successfully installed the 'staticpages' plugin! 
Mon Jun 14 12:02:19 2010 - Attempting to install the 'polls' plugin 
Mon Jun 14 12:02:19 2010 - Attempting to create 'Polls Admin' group 
Mon Jun 14 12:02:20 2010 - Attempting to add 'polls' features 
Mon Jun 14 12:02:20 2010 - Adding 'polls.edit' feature to the 'Polls Admin' group 
Mon Jun 14 12:02:20 2010 - Attempting to give all users in the Root group access to the 'polls' Admin group 
Mon Jun 14 12:02:20 2010 - Inserting default data 
Mon Jun 14 12:02:20 2010 - Registering 'polls' plugin 
Mon Jun 14 12:02:20 2010 - Successfully installed the 'polls' plugin! 
Mon Jun 14 12:02:20 2010 - Attempting to install the 'xmlsitemap' plugin 
Mon Jun 14 12:02:20 2010 - Attempting to add 'xmlsitemap' features 
Mon Jun 14 12:02:20 2010 - Inserting default data 
Mon Jun 14 12:02:20 2010 - Registering 'xmlsitemap' plugin 
Mon Jun 14 12:02:20 2010 - Successfully installed the 'xmlsitemap' plugin! 
Mon Jun 14 15:36:30 2010 - 1064: You have an error in your SQL syntax; check the manual that corresponds to your MySQL server version for the right syntax to use near '(title, summary, type) VALUES('sdgsd','sdhsdh','2')' at line 1. SQL in question: INSERT INTO  (title, summary, type) VALUES('sdgsd','sdhsdh','2'); 
Tue Jun 15 11:41:04 2010 - 1064: You have an error in your SQL syntax; check the manual that corresponds to your MySQL server version for the right syntax to use near '(title, summary, type) VALUES('Test Group A','This is a public group test','1')' at line 1. SQL in question: INSERT INTO  (title, summary, type) VALUES('Test Group A','This is a public group test','1'); 
Tue Jun 15 11:42:21 2010 - 1064: You have an error in your SQL syntax; check the manual that corresponds to your MySQL server version for the right syntax to use near '(title, summary, type) VALUES('Test Group A','This is a public group test','1')' at line 1. SQL in question: INSERT INTO  (title, summary, type) VALUES('Test Group A','This is a public group test','1'); 
Tue Jun 15 11:42:45 2010 - 1064: You have an error in your SQL syntax; check the manual that corresponds to your MySQL server version for the right syntax to use near '(title, summary, type) VALUES('Test Group A','This is a public group test','1')' at line 1. SQL in question: INSERT INTO  (title, summary, type) VALUES('Test Group A','This is a public group test','1'); 
Tue Jun 15 11:43:13 2010 - 1064: You have an error in your SQL syntax; check the manual that corresponds to your MySQL server version for the right syntax to use near '(title, summary, type) VALUES('Test Group A','This is a public group test','1')' at line 1. SQL in question: INSERT INTO  (title, summary, type) VALUES('Test Group A','This is a public group test','1'); 
Tue Jun 15 11:43:50 2010 - 1064: You have an error in your SQL syntax; check the manual that corresponds to your MySQL server version for the right syntax to use near '(title, summary, type) VALUES('Test Group A','This is a public group test','1')' at line 1. SQL in question: INSERT INTO  (title, summary, type) VALUES('Test Group A','This is a public group test','1'); 
Tue Jun 15 12:48:50 2010 - 1064: You have an error in your SQL syntax; check the manual that corresponds to your MySQL server version for the right syntax to use near 'LIMIT 0,50' at line 1. SQL in question: SELECT * FROM glcore_pubcontrol_Groups;  LIMIT 0,50; 
Tue Jun 15 12:57:55 2010 - 1064: You have an error in your SQL syntax; check the manual that corresponds to your MySQL server version for the right syntax to use near 'AND (title LIKE '%asg%')' at line 1. SQL in question: SELECT * FROM glcore_pubcontrol_Groups AND (title LIKE '%asg%') 
Tue Jun 15 13:27:53 2010 - 1064: You have an error in your SQL syntax; check the manual that corresponds to your MySQL server version for the right syntax to use near ''2' at line 1. SQL in question: DELETE FROM glcore_pubcontrol_Groups WHERE id = '2; 
Fri Jun 18 11:19:38 2010 - 1064: You have an error in your SQL syntax; check the manual that corresponds to your MySQL server version for the right syntax to use near 'WHERE 1=1' at line 1. SQL in question: SELECT * FROM glcore_pubcontrol_Feeds WHERE group_id = '10'; WHERE 1=1 
Tue Jun 22 14:04:46 2010 - 1054: Unknown column 'security_id' in 'where clause'. SQL in question: SELECT COUNT(*) FROM glcore_pubcontrol_Subscribers WHERE security_id = '1' 
Wed Jun 23 15:09:55 2010 - 1064: You have an error in your SQL syntax; check the manual that corresponds to your MySQL server version for the right syntax to use near ')' at line 1. SQL in question: DELETE FROM glcore_pubcontrol_SecurityGroupLink WHERE securitygroup_id = '2' AND feed_id = '2'); 
Thu Jun 24 11:42:27 2010 - 1064: You have an error in your SQL syntax; check the manual that corresponds to your MySQL server version for the right syntax to use near 'LIMIT 0,50' at line 1. SQL in question: SELECT securitygroup_id, feed_id, title FROM glcore_pubcontrol_SecurityGroupLink, glcore_pubcontrol_Feeds WHERE securitygroup_id = '3' AND feed_id = id;  LIMIT 0,50; 
Fri Jul  9 15:00:33 2010 - 1064: You have an error in your SQL syntax; check the manual that corresponds to your MySQL server version for the right syntax to use near 'WHERE 1=1' at line 1. SQL in question: SELECT * FROM  WHERE 1=1 
Fri Jul  9 15:45:32 2010 - 1064: You have an error in your SQL syntax; check the manual that corresponds to your MySQL server version for the right syntax to use near 'WHERE 1=1' at line 1. SQL in question: SELECT glcore_recvcontrol_Feeds.id, title, summary, url, type FROM glcore_recvcontrol_Feeds,glcore_recvcontrol_Subscriptions WHERE glcore_recvcontrol_Feeds.subscription_id = glcore_recvcontrol_Subscriptions.id; WHERE 1=1 
Fri Jul  9 15:45:58 2010 - 1064: You have an error in your SQL syntax; check the manual that corresponds to your MySQL server version for the right syntax to use near 'LIMIT 0,50' at line 1. SQL in question: SELECT glcore_recvcontrol_Feeds.id, title, summary, url, type FROM glcore_recvcontrol_Feeds,glcore_recvcontrol_Subscriptions WHERE glcore_recvcontrol_Feeds.subscription_id = glcore_recvcontrol_Subscriptions.id;  LIMIT 0,50; 
Wed Aug  4 15:10:57 2010 - 1054: Unknown column 'type' in 'field list'. SQL in question: INSERT INTO glcore_recvcontrol_Feeds (group_id, title, summary, type, access_code, last_modified, subscription_id)
                VALUES('', '','','', '', NOW(), '3'); 
Wed Aug  4 15:11:28 2010 - 1054: Unknown column 'type' in 'field list'. SQL in question: INSERT INTO glcore_recvcontrol_Feeds (group_id, title, summary, type, access_code, last_modified, subscription_id)
                VALUES('1', 'Feed Error','3','2', 'ATTG00000A', NOW(), '3'); 
Wed Aug  4 15:12:35 2010 - 1052: Column 'type' in field list is ambiguous. SQL in question: SELECT glcore_recvcontrol_Feeds.id, title, summary, url, type, glcore_recvcontrol_Feeds.subscription_id FROM glcore_recvcontrol_Feeds,glcore_recvcontrol_Subscriptions WHERE glcore_recvcontrol_Feeds.subscription_id = glcore_recvcontrol_Subscriptions.id 
Wed Aug  4 15:22:37 2010 - 1052: Column 'type' in field list is ambiguous. SQL in question: SELECT glcore_recvcontrol_Feeds.id AS feed_id, url, last_modified, ssid, type FROM glcore_recvcontrol_Feeds, glcore_recvcontrol_Subscriptions WHERE glcore_recvcontrol_Feeds.subscription_id = glcore_recvcontrol_Subscriptions.id; 
Wed Aug  4 15:49:04 2010 - 1064: You have an error in your SQL syntax; check the manual that corresponds to your MySQL server version for the right syntax to use near '', 'Feed Error','sahzsdh','2', 'ATTG00000A', NOW(), '3')' at line 2. SQL in question: INSERT INTO glcore_recvcontrol_Feeds (feed_id, group_id, title, summary, type, access_code, last_modified, subscription_id)
                VALUES('2', 1', 'Feed Error','sahzsdh','2', 'ATTG00000A', NOW(), '3'); 
Wed Aug  4 16:14:06 2010 - 1054: Unknown column 'last_modifed' in 'field list'. SQL in question: UPDATE glcore_recvcontrol_Feeds SET last_modifed = '2010-08-04 16:05:16'; 
Wed Aug 11 12:55:19 2010 - 2 - Invalid argument supplied for foreach() @ /var/www/gsoc/gsoc-2010-tpatrick/plugins/pubcontrol/lib/pub/PublishingControl.php line 1458 
Wed Aug 11 12:55:47 2010 - 2 - Invalid argument supplied for foreach() @ /var/www/gsoc/gsoc-2010-tpatrick/plugins/pubcontrol/lib/pub/PublishingControl.php line 1458 
Wed Aug 11 12:56:05 2010 - 2 - Invalid argument supplied for foreach() @ /var/www/gsoc/gsoc-2010-tpatrick/plugins/pubcontrol/lib/pub/PublishingControl.php line 1458 
Wed Aug 11 14:14:13 2010 - 1054: Unknown column 'last_modified' in 'where clause'. SQL in question: SELECT * FROM glcore_pubcontrol_Data WHERE feed_id = '7' AND last_modified > FROM_UNIXTIME(1281548585); 
Wed Aug 11 14:14:13 2010 - 256 - An SQL error has occurred. Please see error.log for details. @ /var/www/gsoc/gsoc-2010-tpatrick/system/databases/mysql.class.php line 260 
Wed Aug 11 14:14:39 2010 - 1054: Unknown column 'last_modified' in 'where clause'. SQL in question: SELECT * FROM glcore_pubcontrol_Data WHERE feed_id = '7' AND last_modified > FROM_UNIXTIME(1281548585); 
Wed Aug 11 14:14:39 2010 - 256 - An SQL error has occurred. Please see error.log for details. @ /var/www/gsoc/gsoc-2010-tpatrick/system/databases/mysql.class.php line 260 
Wed Aug 11 14:14:48 2010 - 1054: Unknown column 'last_modified' in 'where clause'. SQL in question: SELECT * FROM glcore_pubcontrol_Data WHERE feed_id = '7' AND last_modified > FROM_UNIXTIME(1281548585); 
